# JRE version: OpenJDK Runtime Environment (8.0_76-b03) (build 1.8.0_76-release-b03)
# Java VM: OpenJDK 64-Bit Server VM (25.76-b03 mixed mode windows-amd64 compressed oops)
Heap:
 PSYoungGen      total 136192K, used 84592K [0x0000000780000000, 0x000000078d780000, 0x00000007c0000000)
  eden space 122368K, 57% used [0x0000000780000000,0x000000078451fc88,0x0000000787780000)
  from space 13824K, 99% used [0x0000000787780000,0x00000007884fc4e0,0x0000000788500000)
  to   space 15360K, 0% used [0x000000078c880000,0x000000078c880000,0x000000078d780000)
 ParOldGen       total 91136K, used 19238K [0x0000000700000000, 0x0000000705900000, 0x0000000780000000)
  object space 91136K, 21% used [0x0000000700000000,0x00000007012c9800,0x0000000705900000)
 Metaspace       used 50332K, capacity 52184K, committed 52312K, reserved 1093632K
  class space    used 6829K, capacity 7255K, committed 7256K, reserved 1048576K
GC Heap History (10 events):
Event: 62.656 GC heap before
{Heap before GC invocations=7 (full 1):
 PSYoungGen      total 74752K, used 41689K [0x0000000780000000, 0x0000000785980000, 0x00000007c0000000)
  eden space 64000K, 48% used [0x0000000780000000,0x0000000781e90068,0x0000000783e80000)
  from space 10752K, 96% used [0x0000000784000000,0x0000000784a263d8,0x0000000784a80000)
  to   space 13824K, 0% used [0x0000000784c00000,0x0000000784c00000,0x0000000785980000)
 ParOldGen       total 82432K, used 13285K [0x0000000700000000, 0x0000000705080000, 0x0000000780000000)
  object space 82432K, 16% used [0x0000000700000000,0x0000000700cf9488,0x0000000705080000)
 Metaspace       used 34435K, capacity 35208K, committed 35416K, reserved 1079296K
  class space    used 4716K, capacity 4874K, committed 4952K, reserved 1048576K
Event: 62.809 GC heap after
Heap after GC invocations=7 (full 1):
 PSYoungGen      total 77312K, used 11763K [0x0000000780000000, 0x0000000789500000, 0x00000007c0000000)
  eden space 63488K, 0% used [0x0000000780000000,0x0000000780000000,0x0000000783e00000)
  from space 13824K, 85% used [0x0000000784c00000,0x000000078577cdc8,0x0000000785980000)
  to   space 14336K, 0% used [0x0000000783e00000,0x0000000783e00000,0x0000000784c00000)
 ParOldGen       total 82432K, used 13293K [0x0000000700000000, 0x0000000705080000, 0x0000000780000000)
  object space 82432K, 16% used [0x0000000700000000,0x0000000700cfb488,0x0000000705080000)
 Metaspace       used 34435K, capacity 35208K, committed 35416K, reserved 1079296K
  class space    used 4716K, capacity 4874K, committed 4952K, reserved 1048576K
}
Event: 62.809 GC heap before
{Heap before GC invocations=8 (full 2):
 PSYoungGen      total 77312K, used 11763K [0x0000000780000000, 0x0000000789500000, 0x00000007c0000000)
  eden space 63488K, 0% used [0x0000000780000000,0x0000000780000000,0x0000000783e00000)
  from space 13824K, 85% used [0x0000000784c00000,0x000000078577cdc8,0x0000000785980000)
  to   space 14336K, 0% used [0x0000000783e00000,0x0000000783e00000,0x0000000784c00000)
 ParOldGen       total 82432K, used 13293K [0x0000000700000000, 0x0000000705080000, 0x0000000780000000)
  object space 82432K, 16% used [0x0000000700000000,0x0000000700cfb488,0x0000000705080000)
 Metaspace       used 34435K, capacity 35208K, committed 35416K, reserved 1079296K
  class space    used 4716K, capacity 4874K, committed 4952K, reserved 1048576K
Event: 62.912 GC heap after
Heap after GC invocations=8 (full 2):
 PSYoungGen      total 77312K, used 0K [0x0000000780000000, 0x0000000789500000, 0x00000007c0000000)
  eden space 63488K, 0% used [0x0000000780000000,0x0000000780000000,0x0000000783e00000)
  from space 13824K, 0% used [0x0000000784c00000,0x0000000784c00000,0x0000000785980000)
  to   space 14336K, 0% used [0x0000000783e00000,0x0000000783e00000,0x0000000784c00000)
 ParOldGen       total 91136K, used 18426K [0x0000000700000000, 0x0000000705900000, 0x0000000780000000)
  object space 91136K, 20% used [0x0000000700000000,0x00000007011fe9a8,0x0000000705900000)
 Metaspace       used 34435K, capacity 35208K, committed 35416K, reserved 1079296K
  class space    used 4716K, capacity 4874K, committed 4952K, reserved 1048576K
}
Event: 64.245 GC heap before
{Heap before GC invocations=9 (full 2):
 PSYoungGen      total 77312K, used 63488K [0x0000000780000000, 0x0000000789500000, 0x00000007c0000000)
  eden space 63488K, 100% used [0x0000000780000000,0x0000000783e00000,0x0000000783e00000)
  from space 13824K, 0% used [0x0000000784c00000,0x0000000784c00000,0x0000000785980000)
  to   space 14336K, 0% used [0x0000000783e00000,0x0000000783e00000,0x0000000784c00000)
 ParOldGen       total 91136K, used 18426K [0x0000000700000000, 0x0000000705900000, 0x0000000780000000)
  object space 91136K, 20% used [0x0000000700000000,0x00000007011fe9a8,0x0000000705900000)
 Metaspace       used 39626K, capacity 40568K, committed 41048K, reserved 1085440K
  class space    used 5357K, capacity 5603K, committed 5720K, reserved 1048576K
Event: 64.261 GC heap after
Heap after GC invocations=9 (full 2):
 PSYoungGen      total 77824K, used 9019K [0x0000000780000000, 0x0000000789380000, 0x00000007c0000000)
  eden space 63488K, 0% used [0x0000000780000000,0x0000000780000000,0x0000000783e00000)
  from space 14336K, 62% used [0x0000000783e00000,0x00000007846cec80,0x0000000784c00000)
  to   space 14336K, 0% used [0x0000000788580000,0x0000000788580000,0x0000000789380000)
 ParOldGen       total 91136K, used 18434K [0x0000000700000000, 0x0000000705900000, 0x0000000780000000)
  object space 91136K, 20% used [0x0000000700000000,0x00000007012009a8,0x0000000705900000)
 Metaspace       used 39626K, capacity 40568K, committed 41048K, reserved 1085440K
  class space    used 5357K, capacity 5603K, committed 5720K, reserved 1048576K
}
Event: 65.106 GC heap before
{Heap before GC invocations=10 (full 2):
 PSYoungGen      total 77824K, used 72507K [0x0000000780000000, 0x0000000789380000, 0x00000007c0000000)
  eden space 63488K, 100% used [0x0000000780000000,0x0000000783e00000,0x0000000783e00000)
  from space 14336K, 62% used [0x0000000783e00000,0x00000007846cec80,0x0000000784c00000)
  to   space 14336K, 0% used [0x0000000788580000,0x0000000788580000,0x0000000789380000)
 ParOldGen       total 91136K, used 18434K [0x0000000700000000, 0x0000000705900000, 0x0000000780000000)
  object space 91136K, 20% used [0x0000000700000000,0x00000007012009a8,0x0000000705900000)
 Metaspace       used 44526K, capacity 45688K, committed 46040K, reserved 1089536K
  class space    used 6033K, capacity 6317K, committed 6360K, reserved 1048576K
Event: 65.138 GC heap after
Heap after GC invocations=10 (full 2):
 PSYoungGen      total 135680K, used 9454K [0x0000000780000000, 0x0000000789280000, 0x00000007c0000000)
  eden space 122368K, 0% used [0x0000000780000000,0x0000000780000000,0x0000000787780000)
  from space 13312K, 71% used [0x0000000788580000,0x0000000788ebb8b0,0x0000000789280000)
  to   space 13824K, 0% used [0x0000000787780000,0x0000000787780000,0x0000000788500000)
 ParOldGen       total 91136K, used 18442K [0x0000000700000000, 0x0000000705900000, 0x0000000780000000)
  object space 91136K, 20% used [0x0000000700000000,0x00000007012029a8,0x0000000705900000)
 Metaspace       used 44526K, capacity 45688K, committed 46040K, reserved 1089536K
  class space    used 6033K, capacity 6317K, committed 6360K, reserved 1048576K
}
Event: 67.540 GC heap before
{Heap before GC invocations=11 (full 2):
 PSYoungGen      total 135680K, used 131822K [0x0000000780000000, 0x0000000789280000, 0x00000007c0000000)
  eden space 122368K, 100% used [0x0000000780000000,0x0000000787780000,0x0000000787780000)
  from space 13312K, 71% used [0x0000000788580000,0x0000000788ebb8b0,0x0000000789280000)
  to   space 13824K, 0% used [0x0000000787780000,0x0000000787780000,0x0000000788500000)
 ParOldGen       total 91136K, used 18442K [0x0000000700000000, 0x0000000705900000, 0x0000000780000000)
  object space 91136K, 20% used [0x0000000700000000,0x00000007012029a8,0x0000000705900000)
 Metaspace       used 47358K, capacity 48838K, committed 49112K, reserved 1091584K
  class space    used 6429K, capacity 6770K, committed 6872K, reserved 1048576K
Event: 67.572 GC heap after
Heap after GC invocations=11 (full 2):
 PSYoungGen      total 136192K, used 13809K [0x0000000780000000, 0x000000078d780000, 0x00000007c0000000)
  eden space 122368K, 0% used [0x0000000780000000,0x0000000780000000,0x0000000787780000)
  from space 13824K, 99% used [0x0000000787780000,0x00000007884fc4e0,0x0000000788500000)
  to   space 15360K, 0% used [0x000000078c880000,0x000000078c880000,0x000000078d780000)
 ParOldGen       total 91136K, used 19238K [0x0000000700000000, 0x0000000705900000, 0x0000000780000000)
  object space 91136K, 21% used [0x0000000700000000,0x00000007012c9800,0x0000000705900000)
 Metaspace       used 47358K, capacity 48838K, committed 49112K, reserved 1091584K
  class space    used 6429K, capacity 6770K, committed 6872K, reserved 1048576K
}

