# JRE version: OpenJDK Runtime Environment (8.0_76-b03) (build 1.8.0_76-release-b03)
# Java VM: OpenJDK 64-Bit Server VM (25.76-b03 mixed mode windows-amd64 compressed oops)
Heap:
 PSYoungGen      total 349184K, used 297524K [0x0000000780000000, 0x0000000797b00000, 0x00000007c0000000)
  eden space 321536K, 85% used [0x0000000780000000,0x0000000790b0bb18,0x0000000793a00000)
  from space 27648K, 87% used [0x0000000796000000,0x0000000797781870,0x0000000797b00000)
  to   space 33280K, 0% used [0x0000000793a00000,0x0000000793a00000,0x0000000795a80000)
 ParOldGen       total 180736K, used 82968K [0x0000000700000000, 0x000000070b080000, 0x0000000780000000)
  object space 180736K, 45% used [0x0000000700000000,0x00000007051062f0,0x000000070b080000)
 Metaspace       used 66610K, capacity 71422K, committed 71768K, reserved 1112064K
  class space    used 8841K, capacity 9739K, committed 9856K, reserved 1048576K
GC Heap History (10 events):
Event: 70.776 GC heap before
{Heap before GC invocations=11 (full 2):
 PSYoungGen      total 204288K, used 201355K [0x0000000780000000, 0x000000078d900000, 0x00000007c0000000)
  eden space 188928K, 100% used [0x0000000780000000,0x000000078b880000,0x000000078b880000)
  from space 15360K, 80% used [0x000000078c800000,0x000000078d422f10,0x000000078d700000)
  to   space 15872K, 0% used [0x000000078b880000,0x000000078b880000,0x000000078c800000)
 ParOldGen       total 110080K, used 18548K [0x0000000700000000, 0x0000000706b80000, 0x0000000780000000)
  object space 110080K, 16% used [0x0000000700000000,0x000000070121d0f8,0x0000000706b80000)
 Metaspace       used 52951K, capacity 54792K, committed 55040K, reserved 1097728K
  class space    used 6998K, capacity 7388K, committed 7424K, reserved 1048576K
Event: 70.803 GC heap after
Heap after GC invocations=11 (full 2):
 PSYoungGen      total 204800K, used 15871K [0x0000000780000000, 0x0000000791d80000, 0x00000007c0000000)
  eden space 188928K, 0% used [0x0000000780000000,0x0000000780000000,0x000000078b880000)
  from space 15872K, 99% used [0x000000078b880000,0x000000078c7ffff0,0x000000078c800000)
  to   space 20480K, 0% used [0x0000000790980000,0x0000000790980000,0x0000000791d80000)
 ParOldGen       total 110080K, used 26939K [0x0000000700000000, 0x0000000706b80000, 0x0000000780000000)
  object space 110080K, 24% used [0x0000000700000000,0x0000000701a4ec18,0x0000000706b80000)
 Metaspace       used 52951K, capacity 54792K, committed 55040K, reserved 1097728K
  class space    used 6998K, capacity 7388K, committed 7424K, reserved 1048576K
}
Event: 75.560 GC heap before
{Heap before GC invocations=12 (full 2):
 PSYoungGen      total 204800K, used 193893K [0x0000000780000000, 0x0000000791d80000, 0x00000007c0000000)
  eden space 188928K, 94% used [0x0000000780000000,0x000000078add9508,0x000000078b880000)
  from space 15872K, 99% used [0x000000078b880000,0x000000078c7ffff0,0x000000078c800000)
  to   space 20480K, 0% used [0x0000000790980000,0x0000000790980000,0x0000000791d80000)
 ParOldGen       total 110080K, used 26939K [0x0000000700000000, 0x0000000706b80000, 0x0000000780000000)
  object space 110080K, 24% used [0x0000000700000000,0x0000000701a4ec18,0x0000000706b80000)
 Metaspace       used 56358K, capacity 58986K, committed 59096K, reserved 1099776K
  class space    used 7406K, capacity 7919K, committed 7936K, reserved 1048576K
Event: 75.869 GC heap after
Heap after GC invocations=12 (full 2):
 PSYoungGen      total 262656K, used 20480K [0x0000000780000000, 0x0000000793e80000, 0x00000007c0000000)
  eden space 242176K, 0% used [0x0000000780000000,0x0000000780000000,0x000000078ec80000)
  from space 20480K, 100% used [0x0000000790980000,0x0000000791d80000,0x0000000791d80000)
  to   space 29696K, 0% used [0x000000078ec80000,0x000000078ec80000,0x0000000790980000)
 ParOldGen       total 110080K, used 45780K [0x0000000700000000, 0x0000000706b80000, 0x0000000780000000)
  object space 110080K, 41% used [0x0000000700000000,0x0000000702cb5230,0x0000000706b80000)
 Metaspace       used 56358K, capacity 58986K, committed 59096K, reserved 1099776K
  class space    used 7406K, capacity 7919K, committed 7936K, reserved 1048576K
}
Event: 75.869 GC heap before
{Heap before GC invocations=13 (full 3):
 PSYoungGen      total 262656K, used 20480K [0x0000000780000000, 0x0000000793e80000, 0x00000007c0000000)
  eden space 242176K, 0% used [0x0000000780000000,0x0000000780000000,0x000000078ec80000)
  from space 20480K, 100% used [0x0000000790980000,0x0000000791d80000,0x0000000791d80000)
  to   space 29696K, 0% used [0x000000078ec80000,0x000000078ec80000,0x0000000790980000)
 ParOldGen       total 110080K, used 45780K [0x0000000700000000, 0x0000000706b80000, 0x0000000780000000)
  object space 110080K, 41% used [0x0000000700000000,0x0000000702cb5230,0x0000000706b80000)
 Metaspace       used 56358K, capacity 58986K, committed 59096K, reserved 1099776K
  class space    used 7406K, capacity 7919K, committed 7936K, reserved 1048576K
Event: 77.017 GC heap after
Heap after GC invocations=13 (full 3):
 PSYoungGen      total 262656K, used 0K [0x0000000780000000, 0x0000000793e80000, 0x00000007c0000000)
  eden space 242176K, 0% used [0x0000000780000000,0x0000000780000000,0x000000078ec80000)
  from space 20480K, 0% used [0x0000000790980000,0x0000000790980000,0x0000000791d80000)
  to   space 29696K, 0% used [0x000000078ec80000,0x000000078ec80000,0x0000000790980000)
 ParOldGen       total 180736K, used 60318K [0x0000000700000000, 0x000000070b080000, 0x0000000780000000)
  object space 180736K, 33% used [0x0000000700000000,0x0000000703ae7848,0x000000070b080000)
 Metaspace       used 56358K, capacity 58986K, committed 59096K, reserved 1099776K
  class space    used 7406K, capacity 7919K, committed 7936K, reserved 1048576K
}
Event: 94.228 GC heap before
{Heap before GC invocations=14 (full 3):
 PSYoungGen      total 262656K, used 242176K [0x0000000780000000, 0x0000000793e80000, 0x00000007c0000000)
  eden space 242176K, 100% used [0x0000000780000000,0x000000078ec80000,0x000000078ec80000)
  from space 20480K, 0% used [0x0000000790980000,0x0000000790980000,0x0000000791d80000)
  to   space 29696K, 0% used [0x000000078ec80000,0x000000078ec80000,0x0000000790980000)
 ParOldGen       total 180736K, used 60318K [0x0000000700000000, 0x000000070b080000, 0x0000000780000000)
  object space 180736K, 33% used [0x0000000700000000,0x0000000703ae7848,0x000000070b080000)
 Metaspace       used 60030K, capacity 63630K, committed 63832K, reserved 1103872K
  class space    used 8027K, capacity 8769K, committed 8832K, reserved 1048576K
Event: 94.417 GC heap after
Heap after GC invocations=14 (full 3):
 PSYoungGen      total 271872K, used 24317K [0x0000000780000000, 0x0000000797f00000, 0x00000007c0000000)
  eden space 242176K, 0% used [0x0000000780000000,0x0000000780000000,0x000000078ec80000)
  from space 29696K, 81% used [0x000000078ec80000,0x000000079043f430,0x0000000790980000)
  to   space 31744K, 0% used [0x0000000796000000,0x0000000796000000,0x0000000797f00000)
 ParOldGen       total 180736K, used 60318K [0x0000000700000000, 0x000000070b080000, 0x0000000780000000)
  object space 180736K, 33% used [0x0000000700000000,0x0000000703ae7848,0x000000070b080000)
 Metaspace       used 60030K, capacity 63630K, committed 63832K, reserved 1103872K
  class space    used 8027K, capacity 8769K, committed 8832K, reserved 1048576K
}
Event: 108.216 GC heap before
{Heap before GC invocations=15 (full 3):
 PSYoungGen      total 271872K, used 266493K [0x0000000780000000, 0x0000000797f00000, 0x00000007c0000000)
  eden space 242176K, 100% used [0x0000000780000000,0x000000078ec80000,0x000000078ec80000)
  from space 29696K, 81% used [0x000000078ec80000,0x000000079043f430,0x0000000790980000)
  to   space 31744K, 0% used [0x0000000796000000,0x0000000796000000,0x0000000797f00000)
 ParOldGen       total 180736K, used 60318K [0x0000000700000000, 0x000000070b080000, 0x0000000780000000)
  object space 180736K, 33% used [0x0000000700000000,0x0000000703ae7848,0x000000070b080000)
 Metaspace       used 62223K, capacity 66526K, committed 66776K, reserved 1107968K
  class space    used 8284K, capacity 9145K, committed 9216K, reserved 1048576K
Event: 108.306 GC heap after
Heap after GC invocations=15 (full 3):
 PSYoungGen      total 349184K, used 24070K [0x0000000780000000, 0x0000000797b00000, 0x00000007c0000000)
  eden space 321536K, 0% used [0x0000000780000000,0x0000000780000000,0x0000000793a00000)
  from space 27648K, 87% used [0x0000000796000000,0x0000000797781870,0x0000000797b00000)
  to   space 33280K, 0% used [0x0000000793a00000,0x0000000793a00000,0x0000000795a80000)
 ParOldGen       total 180736K, used 82968K [0x0000000700000000, 0x000000070b080000, 0x0000000780000000)
  object space 180736K, 45% used [0x0000000700000000,0x00000007051062f0,0x000000070b080000)
 Metaspace       used 62223K, capacity 66526K, committed 66776K, reserved 1107968K
  class space    used 8284K, capacity 9145K, committed 9216K, reserved 1048576K
}

